#-----------------------------------------------------------
# Vivado v2019.2 (64-bit)
# SW Build 2708876 on Wed Nov  6 21:39:14 MST 2019
# IP Build 2700528 on Thu Nov  7 00:09:20 MST 2019
# Start of session at: Wed Jun 24 18:03:59 2026
# Process ID: 2881107
# Current directory: /home/madhav/AjitHpcBoards_local/AjitHpcBoards/aparajit_1p1e_red_ethernet/ip/ddr4_0
# Command line: vivado
# Log file: /home/madhav/AjitHpcBoards_local/AjitHpcBoards/aparajit_1p1e_red_ethernet/ip/ddr4_0/vivado.log
# Journal file: /home/madhav/AjitHpcBoards_local/AjitHpcBoards/aparajit_1p1e_red_ethernet/ip/ddr4_0/vivado.jou
#-----------------------------------------------------------
start_gui
open_project /home/madhav/VCU118/VCU118_ip_generated/mig/mig.xpr
Scanning sources...
Finished scanning sources
INFO: [IP_Flow 19-234] Refreshing IP repositories
INFO: [IP_Flow 19-1704] No user IP repositories specified
INFO: [IP_Flow 19-2313] Loaded Vivado IP repository '/tools/xilinx/Vivado/2019.2/data/ip'.
open_project: Time (s): cpu = 00:00:22 ; elapsed = 00:00:12 . Memory (MB): peak = 6854.109 ; gain = 336.152 ; free physical = 16118 ; free virtual = 66744
update_compile_order -fileset sources_1
INFO: [Device 21-403] Loading part xcvu9p-flga2104-2L-e
exit
INFO: [Common 17-206] Exiting Vivado at Wed Jun 24 18:56:39 2026...
