make macros
mcode_instruction
mcode_arithmetic_instruction
mcode_alu_instruction
mcode_instruction
mcode_arithmetic_instruction
mcode_alu_instruction
mcode_instruction
mcode_arithmetic_instruction
mcode_alu_instruction
mcode_instruction
mcode_arithmetic_instruction
mcode_alu_instruction
mcode_instruction
mcode_arithmetic_instruction
mcode_alu_instruction
mcode_instruction
mcode_arithmetic_instruction
mcode_alu_instruction
mcode_instruction
mcode_arithmetic_instruction
mcode_alu_instruction
mcode_instruction
mcode_arithmetic_instruction
mcode_alu_instruction
mcode_instruction
mcode_mem_access_instruction
mcode_load_instruction
mcode_instruction
mcode_mem_access_instruction
mcode_load_instruction
mcode_instruction
mcode_mem_access_instruction
mcode_load_instruction
mcode_instruction
mcode_mem_access_instruction
mcode_load_instruction
mcode_instruction
mcode_arithmetic_instruction
mcode_alu_instruction
mcode_instruction
mcode_arithmetic_instruction
mcode_alu_instruction
mcode_instruction
mcode_arithmetic_instruction
mcode_alu_instruction
mcode_instruction
mcode_instruction
mcode_arithmetic_instruction
mcode_valu_instruction
mcode_instruction
mcode_arithmetic_instruction
mcode_valu_instruction
mcode_instruction
mcode_arithmetic_instruction
mcode_valu_instruction
mcode_instruction
mcode_arithmetic_instruction
mcode_valu_instruction
mcode_instruction
mcode_arithmetic_instruction
mcode_valu_instruction
mcode_instruction
mcode_arithmetic_instruction
mcode_valu_instruction
mcode_instruction
mcode_arithmetic_instruction
mcode_valu_instruction
mcode_instruction
mcode_arithmetic_instruction
mcode_valu_instruction
mcode_instruction
mcode_arithmetic_instruction
mcode_vreduce_instruction
mcode_instruction
mcode_arithmetic_instruction
mcode_vreduce_instruction
mcode_instruction
mcode_arithmetic_instruction
mcode_vreduce_instruction
mcode_instruction
mcode_arithmetic_instruction
mcode_vreduce_instruction
mcode_instruction
mcode_arithmetic_instruction
mcode_vreduce_instruction
mcode_instruction
mcode_arithmetic_instruction
mcode_vreduce_instruction
mcode_instruction
mcode_arithmetic_instruction
mcode_vreduce_instruction
mcode_instruction
mcode_arithmetic_instruction
mcode_vreduce_instruction
mcode_instruction
mcode_arithmetic_instruction
mcode_alu_instruction
mcode_instruction
mcode_arithmetic_instruction
mcode_alu_instruction
mcode_instruction
mcode_arithmetic_instruction
mcode_alu_instruction
mcode_instruction
mcode_arithmetic_instruction
mcode_alu_instruction
mcode_instruction
mcode_arithmetic_instruction
mcode_alu_instruction
mcode_instruction
mcode_arithmetic_instruction
mcode_alu_instruction
mcode_instruction
mcode_arithmetic_instruction
mcode_alu_instruction
mcode_instruction
mcode_arithmetic_instruction
mcode_alu_instruction
mcode_instruction
mcode_branch_instruction
mcode_instruction
mcode_arithmetic_instruction
mcode_alu_instruction
mcode_instruction
mcode_arithmetic_instruction
mcode_alu_instruction
mcode_instruction
mcode_arithmetic_instruction
mcode_alu_instruction
mcode_instruction
mcode_arithmetic_instruction
mcode_alu_instruction
mcode_instruction
mcode_instruction
mcode_instruction
mcode_instruction
mcode_arithmetic_instruction
mcode_alu_instruction
mcode_instruction
mcode_arithmetic_instruction
mcode_alu_instruction
mcode_instruction
mcode_arithmetic_instruction
mcode_alu_instruction
mcode_instruction
mcode_arithmetic_instruction
mcode_alu_instruction
mcode_instruction
mcode_arithmetic_instruction
mcode_alu_instruction
mcode_instruction
mcode_arithmetic_instruction
mcode_alu_instruction
mcode_instruction
mcode_arithmetic_instruction
mcode_alu_instruction
mcode_instruction
mcode_arithmetic_instruction
mcode_alu_instruction
mcode_instruction
mcode_arithmetic_instruction
mcode_alu_instruction
mcode_instruction
mcode_mem_access_instruction
mcode_load_instruction
mcode_instruction
mcode_mem_access_instruction
mcode_load_instruction
mcode_instruction
mcode_arithmetic_instruction
mcode_alu_instruction
mcode_instruction
mcode_arithmetic_instruction
mcode_alu_instruction
mcode_instruction
mcode_instruction
mcode_instruction
mcode_instruction
mcode_mem_access_instruction
mcode_store_instruction
mcode_instruction
mcode_mem_access_instruction
mcode_load_instruction
mcode_instruction
mcode_mem_access_instruction
mcode_load_instruction
mcode_instruction
mcode_instruction
mcode_instruction
mcode_instruction
mcode_instruction
Info: finished parsing file dotp.mcode
mcode_instruction
mcode_mem_access_instruction
mcode_load_instruction
mcode_instruction
mcode_mem_access_instruction
mcode_load_instruction
mcode_instruction
mcode_mem_access_instruction
mcode_load_instruction
mcode_instruction
mcode_mem_access_instruction
mcode_load_instruction
Info: finished parsing file restore.mcode
mcode_instruction
mcode_mem_access_instruction
mcode_store_instruction
Warning: store type is treated as $i ($u ignored).
mcode_instruction
mcode_mem_access_instruction
mcode_store_instruction
Warning: store type is treated as $i ($u ignored).
mcode_instruction
mcode_mem_access_instruction
mcode_store_instruction
Warning: store type is treated as $i ($u ignored).
mcode_instruction
mcode_mem_access_instruction
mcode_store_instruction
Warning: store type is treated as $i ($u ignored).
Info: finished parsing file save.mcode
compile data generation utility
expand macros
Executing: gcc -xc -E  -I ./macros src/mmul.symbolic.mcode > .tmp.code
mcode_align .tmp.mcode > mmul.aligned.mcode
mcode_instruction
mcode_arithmetic_instruction
mcode_alu_instruction
mcode_instruction
mcode_arithmetic_instruction
mcode_alu_instruction
mcode_instruction
mcode_arithmetic_instruction
mcode_alu_instruction
mcode_instruction
mcode_arithmetic_instruction
mcode_alu_instruction
mcode_instruction
mcode_arithmetic_instruction
mcode_alu_instruction
mcode_instruction
mcode_arithmetic_instruction
mcode_alu_instruction
mcode_instruction
mcode_arithmetic_instruction
mcode_alu_instruction
mcode_instruction
mcode_arithmetic_instruction
mcode_alu_instruction
mcode_instruction
mcode_mem_access_instruction
mcode_store_instruction
Warning: store type is treated as $i ($u ignored).
mcode_instruction
mcode_mem_access_instruction
mcode_store_instruction
Warning: store type is treated as $i ($u ignored).
mcode_instruction
mcode_mem_access_instruction
mcode_store_instruction
Warning: store type is treated as $i ($u ignored).
mcode_instruction
mcode_mem_access_instruction
mcode_store_instruction
Warning: store type is treated as $i ($u ignored).
mcode_instruction
mcode_arithmetic_instruction
mcode_alu_instruction
mcode_instruction
mcode_arithmetic_instruction
mcode_alu_instruction
mcode_instruction
mcode_arithmetic_instruction
mcode_alu_instruction
mcode_instruction
mcode_arithmetic_instruction
mcode_alu_instruction
mcode_instruction
mcode_arithmetic_instruction
mcode_alu_instruction
mcode_instruction
mcode_arithmetic_instruction
mcode_alu_instruction
mcode_instruction
mcode_arithmetic_instruction
mcode_alu_instruction
mcode_instruction
mcode_arithmetic_instruction
mcode_alu_instruction
mcode_instruction
mcode_arithmetic_instruction
mcode_alu_instruction
mcode_instruction
mcode_arithmetic_instruction
mcode_alu_instruction
mcode_instruction
mcode_arithmetic_instruction
mcode_alu_instruction
mcode_instruction
mcode_arithmetic_instruction
mcode_alu_instruction
mcode_instruction
mcode_arithmetic_instruction
mcode_alu_instruction
mcode_instruction
mcode_arithmetic_instruction
mcode_alu_instruction
mcode_instruction
mcode_arithmetic_instruction
mcode_alu_instruction
mcode_instruction
mcode_instruction
mcode_mem_access_instruction
mcode_load_instruction
mcode_instruction
mcode_mem_access_instruction
mcode_load_instruction
mcode_instruction
mcode_mem_access_instruction
mcode_load_instruction
mcode_instruction
mcode_mem_access_instruction
mcode_load_instruction
mcode_instruction
mcode_arithmetic_instruction
mcode_valu_instruction
mcode_instruction
mcode_arithmetic_instruction
mcode_valu_instruction
mcode_instruction
mcode_arithmetic_instruction
mcode_valu_instruction
mcode_instruction
mcode_arithmetic_instruction
mcode_valu_instruction
mcode_instruction
mcode_arithmetic_instruction
mcode_valu_instruction
mcode_instruction
mcode_arithmetic_instruction
mcode_valu_instruction
mcode_instruction
mcode_arithmetic_instruction
mcode_valu_instruction
mcode_instruction
mcode_arithmetic_instruction
mcode_valu_instruction
mcode_instruction
mcode_arithmetic_instruction
mcode_vreduce_instruction
mcode_instruction
mcode_arithmetic_instruction
mcode_vreduce_instruction
mcode_instruction
mcode_arithmetic_instruction
mcode_vreduce_instruction
mcode_instruction
mcode_arithmetic_instruction
mcode_vreduce_instruction
mcode_instruction
mcode_arithmetic_instruction
mcode_vreduce_instruction
mcode_instruction
mcode_arithmetic_instruction
mcode_vreduce_instruction
mcode_instruction
mcode_arithmetic_instruction
mcode_vreduce_instruction
mcode_instruction
mcode_arithmetic_instruction
mcode_vreduce_instruction
mcode_instruction
mcode_arithmetic_instruction
mcode_alu_instruction
mcode_instruction
mcode_arithmetic_instruction
mcode_alu_instruction
mcode_instruction
mcode_arithmetic_instruction
mcode_alu_instruction
mcode_instruction
mcode_arithmetic_instruction
mcode_alu_instruction
mcode_instruction
mcode_arithmetic_instruction
mcode_alu_instruction
mcode_instruction
mcode_arithmetic_instruction
mcode_alu_instruction
mcode_instruction
mcode_arithmetic_instruction
mcode_alu_instruction
mcode_instruction
mcode_arithmetic_instruction
mcode_alu_instruction
mcode_instruction
mcode_branch_instruction
mcode_instruction
mcode_arithmetic_instruction
mcode_alu_instruction
mcode_instruction
mcode_arithmetic_instruction
mcode_alu_instruction
mcode_instruction
mcode_arithmetic_instruction
mcode_alu_instruction
mcode_instruction
mcode_arithmetic_instruction
mcode_alu_instruction
mcode_instruction
mcode_instruction
mcode_instruction
mcode_instruction
mcode_arithmetic_instruction
mcode_alu_instruction
mcode_instruction
mcode_arithmetic_instruction
mcode_alu_instruction
mcode_instruction
mcode_arithmetic_instruction
mcode_alu_instruction
mcode_instruction
mcode_arithmetic_instruction
mcode_alu_instruction
mcode_instruction
mcode_arithmetic_instruction
mcode_alu_instruction
mcode_instruction
mcode_arithmetic_instruction
mcode_alu_instruction
mcode_instruction
mcode_arithmetic_instruction
mcode_alu_instruction
mcode_instruction
mcode_arithmetic_instruction
mcode_alu_instruction
mcode_instruction
mcode_arithmetic_instruction
mcode_alu_instruction
mcode_instruction
mcode_arithmetic_instruction
mcode_alu_instruction
mcode_instruction
mcode_arithmetic_instruction
mcode_alu_instruction
mcode_instruction
mcode_instruction
mcode_mem_access_instruction
mcode_load_instruction
mcode_instruction
mcode_mem_access_instruction
mcode_load_instruction
mcode_instruction
mcode_instruction
mcode_instruction
mcode_instruction
mcode_instruction
mcode_instruction
mcode_instruction
mcode_mem_access_instruction
mcode_store_instruction
mcode_instruction
mcode_mem_access_instruction
mcode_load_instruction
mcode_instruction
mcode_mem_access_instruction
mcode_load_instruction
mcode_instruction
mcode_instruction
mcode_arithmetic_instruction
mcode_alu_instruction
mcode_instruction
mcode_arithmetic_instruction
mcode_alu_instruction
mcode_instruction
mcode_arithmetic_instruction
mcode_alu_instruction
mcode_instruction
mcode_arithmetic_instruction
mcode_alu_instruction
mcode_instruction
mcode_arithmetic_instruction
mcode_alu_instruction
mcode_instruction
mcode_arithmetic_instruction
mcode_alu_instruction
mcode_instruction
mcode_instruction
mcode_instruction
mcode_branch_instruction
mcode_instruction
mcode_cmov_instruction
mcode_instruction
mcode_cmov_instruction
mcode_instruction
mcode_arithmetic_instruction
mcode_alu_instruction
mcode_instruction
mcode_arithmetic_instruction
mcode_alu_instruction
mcode_instruction
mcode_arithmetic_instruction
mcode_alu_instruction
mcode_instruction
mcode_arithmetic_instruction
mcode_alu_instruction
mcode_instruction
Info: finished parsing file .tmp.mcode
Info:  Bundle id=0 addr=0 pad amount 0
Info:  Bundle id=1 addr=8 pad amount 0
Info:  Bundle id=2 addr=10 pad amount 0
Info:  Bundle id=3 addr=18 pad amount 0
Info:  Bundle id=4 addr=20 pad amount 0
Info:  Bundle id=5 addr=28 pad amount 0
Info:  Bundle id=6 addr=30 pad amount 0
Info:  Bundle id=7 addr=38 pad amount 0
Info:  Bundle id=8 addr=40 pad amount 0
Info:  Bundle id=9 addr=48 pad amount 0
Info:  Bundle id=10 addr=50 pad amount 0
Info:  Bundle id=11 addr=58 pad amount 0
Info:  Bundle id=12 addr=60 pad amount 0
Info:  Bundle id=13 addr=68 pad amount 0
Info: branch label loop_begin_1 translated to pc-relative -32
Info: branch label save_caller_state translated to pc-relative -88
assemble expanded mcode
mcode_instruction
mcode_arithmetic_instruction
mcode_alu_instruction
mcode_instruction
mcode_arithmetic_instruction
mcode_alu_instruction
mcode_instruction
mcode_arithmetic_instruction
mcode_alu_instruction
mcode_instruction
mcode_arithmetic_instruction
mcode_alu_instruction
mcode_instruction
mcode_arithmetic_instruction
mcode_alu_instruction
mcode_instruction
mcode_arithmetic_instruction
mcode_alu_instruction
mcode_instruction
mcode_arithmetic_instruction
mcode_alu_instruction
mcode_instruction
mcode_arithmetic_instruction
mcode_alu_instruction
mcode_instruction
mcode_arithmetic_instruction
mcode_alu_instruction
mcode_instruction
mcode_arithmetic_instruction
mcode_alu_instruction
mcode_instruction
mcode_arithmetic_instruction
mcode_alu_instruction
mcode_instruction
mcode_arithmetic_instruction
mcode_alu_instruction
mcode_instruction
mcode_mem_access_instruction
mcode_store_instruction
Warning: store type is treated as $i ($u ignored).
mcode_instruction
mcode_mem_access_instruction
mcode_store_instruction
Warning: store type is treated as $i ($u ignored).
mcode_instruction
mcode_mem_access_instruction
mcode_store_instruction
Warning: store type is treated as $i ($u ignored).
mcode_instruction
mcode_mem_access_instruction
mcode_store_instruction
Warning: store type is treated as $i ($u ignored).
mcode_instruction
mcode_arithmetic_instruction
mcode_alu_instruction
mcode_instruction
mcode_arithmetic_instruction
mcode_alu_instruction
mcode_instruction
mcode_arithmetic_instruction
mcode_alu_instruction
mcode_instruction
mcode_arithmetic_instruction
mcode_alu_instruction
mcode_instruction
mcode_arithmetic_instruction
mcode_alu_instruction
mcode_instruction
mcode_arithmetic_instruction
mcode_alu_instruction
mcode_instruction
mcode_arithmetic_instruction
mcode_alu_instruction
mcode_instruction
mcode_arithmetic_instruction
mcode_alu_instruction
mcode_instruction
mcode_arithmetic_instruction
mcode_alu_instruction
mcode_instruction
mcode_arithmetic_instruction
mcode_alu_instruction
mcode_instruction
mcode_arithmetic_instruction
mcode_alu_instruction
mcode_instruction
mcode_instruction
mcode_mem_access_instruction
mcode_load_instruction
mcode_instruction
mcode_mem_access_instruction
mcode_load_instruction
mcode_instruction
mcode_mem_access_instruction
mcode_load_instruction
mcode_instruction
mcode_mem_access_instruction
mcode_load_instruction
mcode_instruction
mcode_arithmetic_instruction
mcode_valu_instruction
mcode_instruction
mcode_arithmetic_instruction
mcode_valu_instruction
mcode_instruction
mcode_arithmetic_instruction
mcode_valu_instruction
mcode_instruction
mcode_arithmetic_instruction
mcode_valu_instruction
mcode_instruction
mcode_arithmetic_instruction
mcode_valu_instruction
mcode_instruction
mcode_arithmetic_instruction
mcode_valu_instruction
mcode_instruction
mcode_arithmetic_instruction
mcode_valu_instruction
mcode_instruction
mcode_arithmetic_instruction
mcode_valu_instruction
mcode_instruction
mcode_arithmetic_instruction
mcode_vreduce_instruction
mcode_instruction
mcode_arithmetic_instruction
mcode_vreduce_instruction
mcode_instruction
mcode_arithmetic_instruction
mcode_vreduce_instruction
mcode_instruction
mcode_arithmetic_instruction
mcode_vreduce_instruction
mcode_instruction
mcode_arithmetic_instruction
mcode_vreduce_instruction
mcode_instruction
mcode_arithmetic_instruction
mcode_vreduce_instruction
mcode_instruction
mcode_arithmetic_instruction
mcode_vreduce_instruction
mcode_instruction
mcode_arithmetic_instruction
mcode_vreduce_instruction
mcode_instruction
mcode_arithmetic_instruction
mcode_alu_instruction
mcode_instruction
mcode_arithmetic_instruction
mcode_alu_instruction
mcode_instruction
mcode_arithmetic_instruction
mcode_alu_instruction
mcode_instruction
mcode_arithmetic_instruction
mcode_alu_instruction
mcode_instruction
mcode_arithmetic_instruction
mcode_alu_instruction
mcode_instruction
mcode_arithmetic_instruction
mcode_alu_instruction
mcode_instruction
mcode_arithmetic_instruction
mcode_alu_instruction
mcode_instruction
mcode_arithmetic_instruction
mcode_alu_instruction
mcode_instruction
mcode_branch_instruction
mcode_instruction
mcode_arithmetic_instruction
mcode_alu_instruction
mcode_instruction
mcode_arithmetic_instruction
mcode_alu_instruction
mcode_instruction
mcode_arithmetic_instruction
mcode_alu_instruction
mcode_instruction
mcode_arithmetic_instruction
mcode_alu_instruction
mcode_instruction
mcode_instruction
mcode_instruction
mcode_instruction
mcode_arithmetic_instruction
mcode_alu_instruction
mcode_instruction
mcode_arithmetic_instruction
mcode_alu_instruction
mcode_instruction
mcode_arithmetic_instruction
mcode_alu_instruction
mcode_instruction
mcode_arithmetic_instruction
mcode_alu_instruction
mcode_instruction
mcode_arithmetic_instruction
mcode_alu_instruction
mcode_instruction
mcode_arithmetic_instruction
mcode_alu_instruction
mcode_instruction
mcode_arithmetic_instruction
mcode_alu_instruction
mcode_instruction
mcode_arithmetic_instruction
mcode_alu_instruction
mcode_instruction
mcode_arithmetic_instruction
mcode_alu_instruction
mcode_instruction
mcode_arithmetic_instruction
mcode_alu_instruction
mcode_instruction
mcode_arithmetic_instruction
mcode_alu_instruction
mcode_instruction
mcode_instruction
mcode_mem_access_instruction
mcode_load_instruction
mcode_instruction
mcode_mem_access_instruction
mcode_load_instruction
mcode_instruction
mcode_instruction
mcode_instruction
mcode_instruction
mcode_instruction
mcode_instruction
mcode_instruction
mcode_mem_access_instruction
mcode_store_instruction
mcode_instruction
mcode_mem_access_instruction
mcode_load_instruction
mcode_instruction
mcode_mem_access_instruction
mcode_load_instruction
mcode_instruction
mcode_instruction
mcode_arithmetic_instruction
mcode_alu_instruction
mcode_instruction
mcode_arithmetic_instruction
mcode_alu_instruction
mcode_instruction
mcode_arithmetic_instruction
mcode_alu_instruction
mcode_instruction
mcode_arithmetic_instruction
mcode_alu_instruction
mcode_instruction
mcode_arithmetic_instruction
mcode_alu_instruction
mcode_instruction
mcode_arithmetic_instruction
mcode_alu_instruction
mcode_instruction
mcode_instruction
mcode_instruction
mcode_branch_instruction
mcode_instruction
mcode_cmov_instruction
mcode_instruction
mcode_cmov_instruction
mcode_instruction
mcode_arithmetic_instruction
mcode_alu_instruction
mcode_instruction
mcode_arithmetic_instruction
mcode_alu_instruction
mcode_instruction
mcode_arithmetic_instruction
mcode_alu_instruction
mcode_instruction
mcode_arithmetic_instruction
mcode_alu_instruction
mcode_instruction
mcode_instruction
Info: finished parsing file mmul.aligned.mcode
Info:  Bundle id=0 addr=0 pad amount 0
Info:  Bundle id=1 addr=8 pad amount 0
Info:  Bundle id=2 addr=10 pad amount 0
Info:  Bundle id=3 addr=18 pad amount 0
Info:  Bundle id=4 addr=20 pad amount 0
Info:  Bundle id=5 addr=28 pad amount 0
Info:  Bundle id=6 addr=30 pad amount 0
Info:  Bundle id=7 addr=38 pad amount 0
Info:  Bundle id=8 addr=40 pad amount 0
Info:  Bundle id=9 addr=48 pad amount 0
Info:  Bundle id=10 addr=50 pad amount 0
Info:  Bundle id=11 addr=58 pad amount 0
Info:  Bundle id=12 addr=60 pad amount 0
Info:  Bundle id=13 addr=68 pad amount 0
Info: branch label loop_begin_1 translated to pc-relative -32
Info: branch label save_caller_state translated to pc-relative -88
disassemble mcode to confirm
Info: Found bundle start instruction at pc 0
Info: Found bundle start instruction at pc 8
Info: Added bundle with index 0 capacity 8 address 0
Info: Found bundle start instruction at pc 16
Info: Added bundle with index 1 capacity 8 address 8
Info: Found bundle start instruction at pc 24
Info: Added bundle with index 2 capacity 8 address 16
Info: Found bundle start instruction at pc 32
Info: Added bundle with index 3 capacity 8 address 24
Info: Found bundle start instruction at pc 40
Info: Added bundle with index 4 capacity 8 address 32
Info: Found bundle start instruction at pc 48
Info: Added bundle with index 5 capacity 8 address 40
Info: Found bundle start instruction at pc 56
Info: Added bundle with index 6 capacity 8 address 48
Info: Found bundle start instruction at pc 64
Info: Added bundle with index 7 capacity 8 address 56
Info: Found bundle start instruction at pc 72
Info: Added bundle with index 8 capacity 8 address 64
Info: Found bundle start instruction at pc 80
Info: Added bundle with index 9 capacity 8 address 72
Info: Found bundle start instruction at pc 88
Info: Added bundle with index 10 capacity 8 address 80
Info: Found bundle start instruction at pc 96
Info: Added bundle with index 11 capacity 8 address 88
Info: Found bundle start instruction at pc 104
Info: Added bundle with index 12 capacity 8 address 96
Info: Added final bundle with index 13 capacity 1 address 104
Info: Disassemble: bundles 14 instructions 105 instructions-with-padding 105
Info: printing registers.txt
Info: printing data.mmap
Info: printing results.txt
Info: Thread 0 pc = 0
Info: Thread 1 pc = 0
Info: Thread 2 pc = 0
Info: Thread 3 pc = 0
Info: imem file = mmul.obj
Info: register init values from registers.txt
Info: dmem file = data.mmap
Info: results file = results.txt
Info: Loaded 105 instructions to i-mem
Info: Loaded 4096 words to d-mem
Info: reading register-init-file registers.txt
Info: Register[0][1] initialized to 0x1004000

Info: Register[0][2] initialized to 0x1008000

Info: Register[0][3] initialized to 0x200

Info: Register[0][4] initialized to 0x100c000

Info: Register[0][5] initialized to 0x1f

Info: Register[0][6] initialized to 0xff

Info: Register[0][7] initialized to 0x1000000

Info: Register[1][1] initialized to 0x1005000

Info: Register[1][2] initialized to 0x1008000

Info: Register[1][3] initialized to 0x200

Info: Register[1][4] initialized to 0x100c400

Info: Register[1][5] initialized to 0x1f

Info: Register[1][6] initialized to 0xff

Info: Register[1][7] initialized to 0x1000100

Info: Register[2][1] initialized to 0x1006000

Info: Register[2][2] initialized to 0x1008000

Info: Register[2][3] initialized to 0x200

Info: Register[2][4] initialized to 0x100c800

Info: Register[2][5] initialized to 0x1f

Info: Register[2][6] initialized to 0xff

Info: Register[2][7] initialized to 0x1000200

Info: Register[3][1] initialized to 0x1007000

Info: Register[3][2] initialized to 0x1008000

Info: Register[3][3] initialized to 0x200

Info: Register[3][4] initialized to 0x100cc00

Info: Register[3][5] initialized to 0x1f

Info: Register[3][6] initialized to 0xff

Info: Register[3][7] initialized to 0x1000300

Info: Info: activate thread 0 to pc 0
Info: Info: activate thread 1 to pc 0
Info: Info: activate thread 2 to pc 0
Info: Info: activate thread 3 to pc 0
Info: Stopped after 48136 ticks.
Info: number of non-null instructions executed = 341028
Info: number of null instructions executed = 44032
Info: PostCondition Mem[0x1800] = 0xa8ac0001a6ac0 (mask=0xffffffffffffffff)
Info: PostCondition Mem[0x1801] = 0x2a4ac0003a2ac0 (mask=0xffffffffffffffff)
Info: PostCondition Mem[0x1802] = 0x4a0ac00059eac0 (mask=0xffffffffffffffff)
Info: PostCondition Mem[0x1803] = 0x69cac00079aac0 (mask=0xffffffffffffffff)
Info: PostCondition Mem[0x1804] = 0x898ac000996ac0 (mask=0xffffffffffffffff)
Info: PostCondition Mem[0x1805] = 0xa94ac000b92ac0 (mask=0xffffffffffffffff)
Info: PostCondition Mem[0x1806] = 0xc90ac000d8eac0 (mask=0xffffffffffffffff)
Info: PostCondition Mem[0x1807] = 0xe8cac000f8aac0 (mask=0xffffffffffffffff)
Info: PostCondition Mem[0x1808] = 0x1088ac001186ac0 (mask=0xffffffffffffffff)
Info: PostCondition Mem[0x1809] = 0x1284ac001382ac0 (mask=0xffffffffffffffff)
Info: PostCondition Mem[0x180a] = 0x1480ac00157eac0 (mask=0xffffffffffffffff)
Info: PostCondition Mem[0x180b] = 0x167cac00177aac0 (mask=0xffffffffffffffff)
Info: PostCondition Mem[0x180c] = 0x1878ac001976ac0 (mask=0xffffffffffffffff)
Info: PostCondition Mem[0x180d] = 0x1a74ac001b72ac0 (mask=0xffffffffffffffff)
Info: PostCondition Mem[0x180e] = 0x1c70ac001d6eac0 (mask=0xffffffffffffffff)
Info: PostCondition Mem[0x180f] = 0x1e6cac001f6aac0 (mask=0xffffffffffffffff)
Info: PostCondition Mem[0x1810] = 0x1a6ac0004a4ac0 (mask=0xffffffffffffffff)
Info: PostCondition Mem[0x1811] = 0x7a2ac000aa0ac0 (mask=0xffffffffffffffff)
Info: PostCondition Mem[0x1812] = 0xd9eac00109cac0 (mask=0xffffffffffffffff)
Info: PostCondition Mem[0x1813] = 0x139aac001698ac0 (mask=0xffffffffffffffff)
Info: PostCondition Mem[0x1814] = 0x1996ac001c94ac0 (mask=0xffffffffffffffff)
Info: PostCondition Mem[0x1815] = 0x1f92ac002290ac0 (mask=0xffffffffffffffff)
Info: PostCondition Mem[0x1816] = 0x258eac00288cac0 (mask=0xffffffffffffffff)
Info: PostCondition Mem[0x1817] = 0x2b8aac002e88ac0 (mask=0xffffffffffffffff)
Info: PostCondition Mem[0x1818] = 0x3186ac003484ac0 (mask=0xffffffffffffffff)
Info: PostCondition Mem[0x1819] = 0x3782ac003a80ac0 (mask=0xffffffffffffffff)
Info: PostCondition Mem[0x181a] = 0x3d7eac00407cac0 (mask=0xffffffffffffffff)
Info: PostCondition Mem[0x181b] = 0x437aac004678ac0 (mask=0xffffffffffffffff)
Info: PostCondition Mem[0x181c] = 0x4976ac004c74ac0 (mask=0xffffffffffffffff)
Info: PostCondition Mem[0x181d] = 0x4f72ac005270ac0 (mask=0xffffffffffffffff)
Info: PostCondition Mem[0x181e] = 0x556eac00586cac0 (mask=0xffffffffffffffff)
Info: PostCondition Mem[0x181f] = 0x5b6aac005e68ac0 (mask=0xffffffffffffffff)
Info: PostCondition Mem[0x1820] = 0x2a4ac0007a2ac0 (mask=0xffffffffffffffff)
Info: PostCondition Mem[0x1821] = 0xca0ac00119eac0 (mask=0xffffffffffffffff)
Info: PostCondition Mem[0x1822] = 0x169cac001b9aac0 (mask=0xffffffffffffffff)
Info: PostCondition Mem[0x1823] = 0x2098ac002596ac0 (mask=0xffffffffffffffff)
Info: PostCondition Mem[0x1824] = 0x2a94ac002f92ac0 (mask=0xffffffffffffffff)
Info: PostCondition Mem[0x1825] = 0x3490ac00398eac0 (mask=0xffffffffffffffff)
Info: PostCondition Mem[0x1826] = 0x3e8cac00438aac0 (mask=0xffffffffffffffff)
Info: PostCondition Mem[0x1827] = 0x4888ac004d86ac0 (mask=0xffffffffffffffff)
Info: PostCondition Mem[0x1828] = 0x5284ac005782ac0 (mask=0xffffffffffffffff)
Info: PostCondition Mem[0x1829] = 0x5c80ac00617eac0 (mask=0xffffffffffffffff)
Info: PostCondition Mem[0x182a] = 0x667cac006b7aac0 (mask=0xffffffffffffffff)
Info: PostCondition Mem[0x182b] = 0x7078ac007576ac0 (mask=0xffffffffffffffff)
Info: PostCondition Mem[0x182c] = 0x7a74ac007f72ac0 (mask=0xffffffffffffffff)
Info: PostCondition Mem[0x182d] = 0x8470ac00896eac0 (mask=0xffffffffffffffff)
Info: PostCondition Mem[0x182e] = 0x8e6cac00936aac0 (mask=0xffffffffffffffff)
Info: PostCondition Mem[0x182f] = 0x9868ac009d66ac0 (mask=0xffffffffffffffff)
Info: PostCondition Mem[0x1830] = 0x3a2ac000aa0ac0 (mask=0xffffffffffffffff)
Info: PostCondition Mem[0x1831] = 0x119eac00189cac0 (mask=0xffffffffffffffff)
Info: PostCondition Mem[0x1832] = 0x1f9aac002698ac0 (mask=0xffffffffffffffff)
Info: PostCondition Mem[0x1833] = 0x2d96ac003494ac0 (mask=0xffffffffffffffff)
Info: PostCondition Mem[0x1834] = 0x3b92ac004290ac0 (mask=0xffffffffffffffff)
Info: PostCondition Mem[0x1835] = 0x498eac00508cac0 (mask=0xffffffffffffffff)
Info: PostCondition Mem[0x1836] = 0x578aac005e88ac0 (mask=0xffffffffffffffff)
Info: PostCondition Mem[0x1837] = 0x6586ac006c84ac0 (mask=0xffffffffffffffff)
Info: PostCondition Mem[0x1838] = 0x7382ac007a80ac0 (mask=0xffffffffffffffff)
Info: PostCondition Mem[0x1839] = 0x817eac00887cac0 (mask=0xffffffffffffffff)
Info: PostCondition Mem[0x183a] = 0x8f7aac009678ac0 (mask=0xffffffffffffffff)
Info: PostCondition Mem[0x183b] = 0x9d76ac00a474ac0 (mask=0xffffffffffffffff)
Info: PostCondition Mem[0x183c] = 0xab72ac00b270ac0 (mask=0xffffffffffffffff)
Info: PostCondition Mem[0x183d] = 0xb96eac00c06cac0 (mask=0xffffffffffffffff)
Info: PostCondition Mem[0x183e] = 0xc76aac00ce68ac0 (mask=0xffffffffffffffff)
Info: PostCondition Mem[0x183f] = 0xd566ac00dc64ac0 (mask=0xffffffffffffffff)
Info: PostCondition Mem[0x1840] = 0x4a0ac000d9eac0 (mask=0xffffffffffffffff)
Info: PostCondition Mem[0x1841] = 0x169cac001f9aac0 (mask=0xffffffffffffffff)
Info: PostCondition Mem[0x1842] = 0x2898ac003196ac0 (mask=0xffffffffffffffff)
Info: PostCondition Mem[0x1843] = 0x3a94ac004392ac0 (mask=0xffffffffffffffff)
Info: PostCondition Mem[0x1844] = 0x4c90ac00558eac0 (mask=0xffffffffffffffff)
Info: PostCondition Mem[0x1845] = 0x5e8cac00678aac0 (mask=0xffffffffffffffff)
Info: PostCondition Mem[0x1846] = 0x7088ac007986ac0 (mask=0xffffffffffffffff)
Info: PostCondition Mem[0x1847] = 0x8284ac008b82ac0 (mask=0xffffffffffffffff)
Info: PostCondition Mem[0x1848] = 0x9480ac009d7eac0 (mask=0xffffffffffffffff)
Info: PostCondition Mem[0x1849] = 0xa67cac00af7aac0 (mask=0xffffffffffffffff)
Info: PostCondition Mem[0x184a] = 0xb878ac00c176ac0 (mask=0xffffffffffffffff)
Info: PostCondition Mem[0x184b] = 0xca74ac00d372ac0 (mask=0xffffffffffffffff)
Info: PostCondition Mem[0x184c] = 0xdc70ac00e56eac0 (mask=0xffffffffffffffff)
Info: PostCondition Mem[0x184d] = 0xee6cac00f76aac0 (mask=0xffffffffffffffff)
Info: PostCondition Mem[0x184e] = 0x10068ac010966ac0 (mask=0xffffffffffffffff)
Info: PostCondition Mem[0x184f] = 0x11264ac011b62ac0 (mask=0xffffffffffffffff)
Info: PostCondition Mem[0x1850] = 0x59eac00109cac0 (mask=0xffffffffffffffff)
Info: PostCondition Mem[0x1851] = 0x1b9aac002698ac0 (mask=0xffffffffffffffff)
Info: PostCondition Mem[0x1852] = 0x3196ac003c94ac0 (mask=0xffffffffffffffff)
Info: PostCondition Mem[0x1853] = 0x4792ac005290ac0 (mask=0xffffffffffffffff)
Info: PostCondition Mem[0x1854] = 0x5d8eac00688cac0 (mask=0xffffffffffffffff)
Info: PostCondition Mem[0x1855] = 0x738aac007e88ac0 (mask=0xffffffffffffffff)
Info: PostCondition Mem[0x1856] = 0x8986ac009484ac0 (mask=0xffffffffffffffff)
Info: PostCondition Mem[0x1857] = 0x9f82ac00aa80ac0 (mask=0xffffffffffffffff)
Info: PostCondition Mem[0x1858] = 0xb57eac00c07cac0 (mask=0xffffffffffffffff)
Info: PostCondition Mem[0x1859] = 0xcb7aac00d678ac0 (mask=0xffffffffffffffff)
Info: PostCondition Mem[0x185a] = 0xe176ac00ec74ac0 (mask=0xffffffffffffffff)
Info: PostCondition Mem[0x185b] = 0xf772ac010270ac0 (mask=0xffffffffffffffff)
Info: PostCondition Mem[0x185c] = 0x10d6eac01186cac0 (mask=0xffffffffffffffff)
Info: PostCondition Mem[0x185d] = 0x1236aac012e68ac0 (mask=0xffffffffffffffff)
Info: PostCondition Mem[0x185e] = 0x13966ac014464ac0 (mask=0xffffffffffffffff)
Info: PostCondition Mem[0x185f] = 0x14f62ac015a60ac0 (mask=0xffffffffffffffff)
Info: PostCondition Mem[0x1860] = 0x69cac00139aac0 (mask=0xffffffffffffffff)
Info: PostCondition Mem[0x1861] = 0x2098ac002d96ac0 (mask=0xffffffffffffffff)
Info: PostCondition Mem[0x1862] = 0x3a94ac004792ac0 (mask=0xffffffffffffffff)
Info: PostCondition Mem[0x1863] = 0x5490ac00618eac0 (mask=0xffffffffffffffff)
Info: PostCondition Mem[0x1864] = 0x6e8cac007b8aac0 (mask=0xffffffffffffffff)
Info: PostCondition Mem[0x1865] = 0x8888ac009586ac0 (mask=0xffffffffffffffff)
Info: PostCondition Mem[0x1866] = 0xa284ac00af82ac0 (mask=0xffffffffffffffff)
Info: PostCondition Mem[0x1867] = 0xbc80ac00c97eac0 (mask=0xffffffffffffffff)
Info: PostCondition Mem[0x1868] = 0xd67cac00e37aac0 (mask=0xffffffffffffffff)
Info: PostCondition Mem[0x1869] = 0xf078ac00fd76ac0 (mask=0xffffffffffffffff)
Info: PostCondition Mem[0x186a] = 0x10a74ac011772ac0 (mask=0xffffffffffffffff)
Info: PostCondition Mem[0x186b] = 0x12470ac01316eac0 (mask=0xffffffffffffffff)
Info: PostCondition Mem[0x186c] = 0x13e6cac014b6aac0 (mask=0xffffffffffffffff)
Info: PostCondition Mem[0x186d] = 0x15868ac016566ac0 (mask=0xffffffffffffffff)
Info: PostCondition Mem[0x186e] = 0x17264ac017f62ac0 (mask=0xffffffffffffffff)
Info: PostCondition Mem[0x186f] = 0x18c60ac01995eac0 (mask=0xffffffffffffffff)
Info: PostCondition Mem[0x1870] = 0x79aac001698ac0 (mask=0xffffffffffffffff)
Info: PostCondition Mem[0x1871] = 0x2596ac003494ac0 (mask=0xffffffffffffffff)
Info: PostCondition Mem[0x1872] = 0x4392ac005290ac0 (mask=0xffffffffffffffff)
Info: PostCondition Mem[0x1873] = 0x618eac00708cac0 (mask=0xffffffffffffffff)
Info: PostCondition Mem[0x1874] = 0x7f8aac008e88ac0 (mask=0xffffffffffffffff)
Info: PostCondition Mem[0x1875] = 0x9d86ac00ac84ac0 (mask=0xffffffffffffffff)
Info: PostCondition Mem[0x1876] = 0xbb82ac00ca80ac0 (mask=0xffffffffffffffff)
Info: PostCondition Mem[0x1877] = 0xd97eac00e87cac0 (mask=0xffffffffffffffff)
Info: PostCondition Mem[0x1878] = 0xf77aac010678ac0 (mask=0xffffffffffffffff)
Info: PostCondition Mem[0x1879] = 0x11576ac012474ac0 (mask=0xffffffffffffffff)
Info: PostCondition Mem[0x187a] = 0x13372ac014270ac0 (mask=0xffffffffffffffff)
Info: PostCondition Mem[0x187b] = 0x1516eac01606cac0 (mask=0xffffffffffffffff)
Info: PostCondition Mem[0x187c] = 0x16f6aac017e68ac0 (mask=0xffffffffffffffff)
Info: PostCondition Mem[0x187d] = 0x18d66ac019c64ac0 (mask=0xffffffffffffffff)
Info: PostCondition Mem[0x187e] = 0x1ab62ac01ba60ac0 (mask=0xffffffffffffffff)
Info: PostCondition Mem[0x187f] = 0x1c95eac01d85cac0 (mask=0xffffffffffffffff)
Info: PostCondition Mem[0x1880] = 0x898ac001996ac0 (mask=0xffffffffffffffff)
Info: PostCondition Mem[0x1881] = 0x2a94ac003b92ac0 (mask=0xffffffffffffffff)
Info: PostCondition Mem[0x1882] = 0x4c90ac005d8eac0 (mask=0xffffffffffffffff)
Info: PostCondition Mem[0x1883] = 0x6e8cac007f8aac0 (mask=0xffffffffffffffff)
Info: PostCondition Mem[0x1884] = 0x9088ac00a186ac0 (mask=0xffffffffffffffff)
Info: PostCondition Mem[0x1885] = 0xb284ac00c382ac0 (mask=0xffffffffffffffff)
Info: PostCondition Mem[0x1886] = 0xd480ac00e57eac0 (mask=0xffffffffffffffff)
Info: PostCondition Mem[0x1887] = 0xf67cac01077aac0 (mask=0xffffffffffffffff)
Info: PostCondition Mem[0x1888] = 0x11878ac012976ac0 (mask=0xffffffffffffffff)
Info: PostCondition Mem[0x1889] = 0x13a74ac014b72ac0 (mask=0xffffffffffffffff)
Info: PostCondition Mem[0x188a] = 0x15c70ac016d6eac0 (mask=0xffffffffffffffff)
Info: PostCondition Mem[0x188b] = 0x17e6cac018f6aac0 (mask=0xffffffffffffffff)
Info: PostCondition Mem[0x188c] = 0x1a068ac01b166ac0 (mask=0xffffffffffffffff)
Info: PostCondition Mem[0x188d] = 0x1c264ac01d362ac0 (mask=0xffffffffffffffff)
Info: PostCondition Mem[0x188e] = 0x1e460ac01f55eac0 (mask=0xffffffffffffffff)
Info: PostCondition Mem[0x188f] = 0x2065cac02175aac0 (mask=0xffffffffffffffff)
Info: PostCondition Mem[0x1890] = 0x996ac001c94ac0 (mask=0xffffffffffffffff)
Info: PostCondition Mem[0x1891] = 0x2f92ac004290ac0 (mask=0xffffffffffffffff)
Info: PostCondition Mem[0x1892] = 0x558eac00688cac0 (mask=0xffffffffffffffff)
Info: PostCondition Mem[0x1893] = 0x7b8aac008e88ac0 (mask=0xffffffffffffffff)
Info: PostCondition Mem[0x1894] = 0xa186ac00b484ac0 (mask=0xffffffffffffffff)
Info: PostCondition Mem[0x1895] = 0xc782ac00da80ac0 (mask=0xffffffffffffffff)
Info: PostCondition Mem[0x1896] = 0xed7eac01007cac0 (mask=0xffffffffffffffff)
Info: PostCondition Mem[0x1897] = 0x1137aac012678ac0 (mask=0xffffffffffffffff)
Info: PostCondition Mem[0x1898] = 0x13976ac014c74ac0 (mask=0xffffffffffffffff)
Info: PostCondition Mem[0x1899] = 0x15f72ac017270ac0 (mask=0xffffffffffffffff)
Info: PostCondition Mem[0x189a] = 0x1856eac01986cac0 (mask=0xffffffffffffffff)
Info: PostCondition Mem[0x189b] = 0x1ab6aac01be68ac0 (mask=0xffffffffffffffff)
Info: PostCondition Mem[0x189c] = 0x1d166ac01e464ac0 (mask=0xffffffffffffffff)
Info: PostCondition Mem[0x189d] = 0x1f762ac020a60ac0 (mask=0xffffffffffffffff)
Info: PostCondition Mem[0x189e] = 0x21d5eac02305cac0 (mask=0xffffffffffffffff)
Info: PostCondition Mem[0x189f] = 0x2435aac025658ac0 (mask=0xffffffffffffffff)
Info: PostCondition Mem[0x18a0] = 0xa94ac001f92ac0 (mask=0xffffffffffffffff)
Info: PostCondition Mem[0x18a1] = 0x3490ac00498eac0 (mask=0xffffffffffffffff)
Info: PostCondition Mem[0x18a2] = 0x5e8cac00738aac0 (mask=0xffffffffffffffff)
Info: PostCondition Mem[0x18a3] = 0x8888ac009d86ac0 (mask=0xffffffffffffffff)
Info: PostCondition Mem[0x18a4] = 0xb284ac00c782ac0 (mask=0xffffffffffffffff)
Info: PostCondition Mem[0x18a5] = 0xdc80ac00f17eac0 (mask=0xffffffffffffffff)
Info: PostCondition Mem[0x18a6] = 0x1067cac011b7aac0 (mask=0xffffffffffffffff)
Info: PostCondition Mem[0x18a7] = 0x13078ac014576ac0 (mask=0xffffffffffffffff)
Info: PostCondition Mem[0x18a8] = 0x15a74ac016f72ac0 (mask=0xffffffffffffffff)
Info: PostCondition Mem[0x18a9] = 0x18470ac01996eac0 (mask=0xffffffffffffffff)
Info: PostCondition Mem[0x18aa] = 0x1ae6cac01c36aac0 (mask=0xffffffffffffffff)
Info: PostCondition Mem[0x18ab] = 0x1d868ac01ed66ac0 (mask=0xffffffffffffffff)
Info: PostCondition Mem[0x18ac] = 0x20264ac021762ac0 (mask=0xffffffffffffffff)
Info: PostCondition Mem[0x18ad] = 0x22c60ac02415eac0 (mask=0xffffffffffffffff)
Info: PostCondition Mem[0x18ae] = 0x2565cac026b5aac0 (mask=0xffffffffffffffff)
Info: PostCondition Mem[0x18af] = 0x28058ac029556ac0 (mask=0xffffffffffffffff)
Info: PostCondition Mem[0x18b0] = 0xb92ac002290ac0 (mask=0xffffffffffffffff)
Info: PostCondition Mem[0x18b1] = 0x398eac00508cac0 (mask=0xffffffffffffffff)
Info: PostCondition Mem[0x18b2] = 0x678aac007e88ac0 (mask=0xffffffffffffffff)
Info: PostCondition Mem[0x18b3] = 0x9586ac00ac84ac0 (mask=0xffffffffffffffff)
Info: PostCondition Mem[0x18b4] = 0xc382ac00da80ac0 (mask=0xffffffffffffffff)
Info: PostCondition Mem[0x18b5] = 0xf17eac01087cac0 (mask=0xffffffffffffffff)
Info: PostCondition Mem[0x18b6] = 0x11f7aac013678ac0 (mask=0xffffffffffffffff)
Info: PostCondition Mem[0x18b7] = 0x14d76ac016474ac0 (mask=0xffffffffffffffff)
Info: PostCondition Mem[0x18b8] = 0x17b72ac019270ac0 (mask=0xffffffffffffffff)
Info: PostCondition Mem[0x18b9] = 0x1a96eac01c06cac0 (mask=0xffffffffffffffff)
Info: PostCondition Mem[0x18ba] = 0x1d76aac01ee68ac0 (mask=0xffffffffffffffff)
Info: PostCondition Mem[0x18bb] = 0x20566ac021c64ac0 (mask=0xffffffffffffffff)
Info: PostCondition Mem[0x18bc] = 0x23362ac024a60ac0 (mask=0xffffffffffffffff)
Info: PostCondition Mem[0x18bd] = 0x2615eac02785cac0 (mask=0xffffffffffffffff)
Info: PostCondition Mem[0x18be] = 0x28f5aac02a658ac0 (mask=0xffffffffffffffff)
Info: PostCondition Mem[0x18bf] = 0x2bd56ac02d454ac0 (mask=0xffffffffffffffff)
Info: PostCondition Mem[0x18c0] = 0xc90ac00258eac0 (mask=0xffffffffffffffff)
Info: PostCondition Mem[0x18c1] = 0x3e8cac00578aac0 (mask=0xffffffffffffffff)
Info: PostCondition Mem[0x18c2] = 0x7088ac008986ac0 (mask=0xffffffffffffffff)
Info: PostCondition Mem[0x18c3] = 0xa284ac00bb82ac0 (mask=0xffffffffffffffff)
Info: PostCondition Mem[0x18c4] = 0xd480ac00ed7eac0 (mask=0xffffffffffffffff)
Info: PostCondition Mem[0x18c5] = 0x1067cac011f7aac0 (mask=0xffffffffffffffff)
Info: PostCondition Mem[0x18c6] = 0x13878ac015176ac0 (mask=0xffffffffffffffff)
Info: PostCondition Mem[0x18c7] = 0x16a74ac018372ac0 (mask=0xffffffffffffffff)
Info: PostCondition Mem[0x18c8] = 0x19c70ac01b56eac0 (mask=0xffffffffffffffff)
Info: PostCondition Mem[0x18c9] = 0x1ce6cac01e76aac0 (mask=0xffffffffffffffff)
Info: PostCondition Mem[0x18ca] = 0x20068ac021966ac0 (mask=0xffffffffffffffff)
Info: PostCondition Mem[0x18cb] = 0x23264ac024b62ac0 (mask=0xffffffffffffffff)
Info: PostCondition Mem[0x18cc] = 0x26460ac027d5eac0 (mask=0xffffffffffffffff)
Info: PostCondition Mem[0x18cd] = 0x2965cac02af5aac0 (mask=0xffffffffffffffff)
Info: PostCondition Mem[0x18ce] = 0x2c858ac02e156ac0 (mask=0xffffffffffffffff)
Info: PostCondition Mem[0x18cf] = 0x2fa54ac031352ac0 (mask=0xffffffffffffffff)
Info: PostCondition Mem[0x18d0] = 0xd8eac00288cac0 (mask=0xffffffffffffffff)
Info: PostCondition Mem[0x18d1] = 0x438aac005e88ac0 (mask=0xffffffffffffffff)
Info: PostCondition Mem[0x18d2] = 0x7986ac009484ac0 (mask=0xffffffffffffffff)
Info: PostCondition Mem[0x18d3] = 0xaf82ac00ca80ac0 (mask=0xffffffffffffffff)
Info: PostCondition Mem[0x18d4] = 0xe57eac01007cac0 (mask=0xffffffffffffffff)
Info: PostCondition Mem[0x18d5] = 0x11b7aac013678ac0 (mask=0xffffffffffffffff)
Info: PostCondition Mem[0x18d6] = 0x15176ac016c74ac0 (mask=0xffffffffffffffff)
Info: PostCondition Mem[0x18d7] = 0x18772ac01a270ac0 (mask=0xffffffffffffffff)
Info: PostCondition Mem[0x18d8] = 0x1bd6eac01d86cac0 (mask=0xffffffffffffffff)
Info: PostCondition Mem[0x18d9] = 0x1f36aac020e68ac0 (mask=0xffffffffffffffff)
Info: PostCondition Mem[0x18da] = 0x22966ac024464ac0 (mask=0xffffffffffffffff)
Info: PostCondition Mem[0x18db] = 0x25f62ac027a60ac0 (mask=0xffffffffffffffff)
Info: PostCondition Mem[0x18dc] = 0x2955eac02b05cac0 (mask=0xffffffffffffffff)
Info: PostCondition Mem[0x18dd] = 0x2cb5aac02e658ac0 (mask=0xffffffffffffffff)
Info: PostCondition Mem[0x18de] = 0x30156ac031c54ac0 (mask=0xffffffffffffffff)
Info: PostCondition Mem[0x18df] = 0x33752ac035250ac0 (mask=0xffffffffffffffff)
Info: PostCondition Mem[0x18e0] = 0xe8cac002b8aac0 (mask=0xffffffffffffffff)
Info: PostCondition Mem[0x18e1] = 0x4888ac006586ac0 (mask=0xffffffffffffffff)
Info: PostCondition Mem[0x18e2] = 0x8284ac009f82ac0 (mask=0xffffffffffffffff)
Info: PostCondition Mem[0x18e3] = 0xbc80ac00d97eac0 (mask=0xffffffffffffffff)
Info: PostCondition Mem[0x18e4] = 0xf67cac01137aac0 (mask=0xffffffffffffffff)
Info: PostCondition Mem[0x18e5] = 0x13078ac014d76ac0 (mask=0xffffffffffffffff)
Info: PostCondition Mem[0x18e6] = 0x16a74ac018772ac0 (mask=0xffffffffffffffff)
Info: PostCondition Mem[0x18e7] = 0x1a470ac01c16eac0 (mask=0xffffffffffffffff)
Info: PostCondition Mem[0x18e8] = 0x1de6cac01fb6aac0 (mask=0xffffffffffffffff)
Info: PostCondition Mem[0x18e9] = 0x21868ac023566ac0 (mask=0xffffffffffffffff)
Info: PostCondition Mem[0x18ea] = 0x25264ac026f62ac0 (mask=0xffffffffffffffff)
Info: PostCondition Mem[0x18eb] = 0x28c60ac02a95eac0 (mask=0xffffffffffffffff)
Info: PostCondition Mem[0x18ec] = 0x2c65cac02e35aac0 (mask=0xffffffffffffffff)
Info: PostCondition Mem[0x18ed] = 0x30058ac031d56ac0 (mask=0xffffffffffffffff)
Info: PostCondition Mem[0x18ee] = 0x33a54ac035752ac0 (mask=0xffffffffffffffff)
Info: PostCondition Mem[0x18ef] = 0x37450ac03914eac0 (mask=0xffffffffffffffff)
Info: PostCondition Mem[0x18f0] = 0xf8aac002e88ac0 (mask=0xffffffffffffffff)
Info: PostCondition Mem[0x18f1] = 0x4d86ac006c84ac0 (mask=0xffffffffffffffff)
Info: PostCondition Mem[0x18f2] = 0x8b82ac00aa80ac0 (mask=0xffffffffffffffff)
Info: PostCondition Mem[0x18f3] = 0xc97eac00e87cac0 (mask=0xffffffffffffffff)
Info: PostCondition Mem[0x18f4] = 0x1077aac012678ac0 (mask=0xffffffffffffffff)
Info: PostCondition Mem[0x18f5] = 0x14576ac016474ac0 (mask=0xffffffffffffffff)
Info: PostCondition Mem[0x18f6] = 0x18372ac01a270ac0 (mask=0xffffffffffffffff)
Info: PostCondition Mem[0x18f7] = 0x1c16eac01e06cac0 (mask=0xffffffffffffffff)
Info: PostCondition Mem[0x18f8] = 0x1ff6aac021e68ac0 (mask=0xffffffffffffffff)
Info: PostCondition Mem[0x18f9] = 0x23d66ac025c64ac0 (mask=0xffffffffffffffff)
Info: PostCondition Mem[0x18fa] = 0x27b62ac029a60ac0 (mask=0xffffffffffffffff)
Info: PostCondition Mem[0x18fb] = 0x2b95eac02d85cac0 (mask=0xffffffffffffffff)
Info: PostCondition Mem[0x18fc] = 0x2f75aac031658ac0 (mask=0xffffffffffffffff)
Info: PostCondition Mem[0x18fd] = 0x33556ac035454ac0 (mask=0xffffffffffffffff)
Info: PostCondition Mem[0x18fe] = 0x37352ac039250ac0 (mask=0xffffffffffffffff)
Info: PostCondition Mem[0x18ff] = 0x3b14eac03d04cac0 (mask=0xffffffffffffffff)
Info: PostCondition Mem[0x1900] = 0x1088ac003186ac0 (mask=0xffffffffffffffff)
Info: PostCondition Mem[0x1901] = 0x5284ac007382ac0 (mask=0xffffffffffffffff)
Info: PostCondition Mem[0x1902] = 0x9480ac00b57eac0 (mask=0xffffffffffffffff)
Info: PostCondition Mem[0x1903] = 0xd67cac00f77aac0 (mask=0xffffffffffffffff)
Info: PostCondition Mem[0x1904] = 0x11878ac013976ac0 (mask=0xffffffffffffffff)
Info: PostCondition Mem[0x1905] = 0x15a74ac017b72ac0 (mask=0xffffffffffffffff)
Info: PostCondition Mem[0x1906] = 0x19c70ac01bd6eac0 (mask=0xffffffffffffffff)
Info: PostCondition Mem[0x1907] = 0x1de6cac01ff6aac0 (mask=0xffffffffffffffff)
Info: PostCondition Mem[0x1908] = 0x22068ac024166ac0 (mask=0xffffffffffffffff)
Info: PostCondition Mem[0x1909] = 0x26264ac028362ac0 (mask=0xffffffffffffffff)
Info: PostCondition Mem[0x190a] = 0x2a460ac02c55eac0 (mask=0xffffffffffffffff)
Info: PostCondition Mem[0x190b] = 0x2e65cac03075aac0 (mask=0xffffffffffffffff)
Info: PostCondition Mem[0x190c] = 0x32858ac034956ac0 (mask=0xffffffffffffffff)
Info: PostCondition Mem[0x190d] = 0x36a54ac038b52ac0 (mask=0xffffffffffffffff)
Info: PostCondition Mem[0x190e] = 0x3ac50ac03cd4eac0 (mask=0xffffffffffffffff)
Info: PostCondition Mem[0x190f] = 0x3ee4cac040f4aac0 (mask=0xffffffffffffffff)
Info: PostCondition Mem[0x1910] = 0x1186ac003484ac0 (mask=0xffffffffffffffff)
Info: PostCondition Mem[0x1911] = 0x5782ac007a80ac0 (mask=0xffffffffffffffff)
Info: PostCondition Mem[0x1912] = 0x9d7eac00c07cac0 (mask=0xffffffffffffffff)
Info: PostCondition Mem[0x1913] = 0xe37aac010678ac0 (mask=0xffffffffffffffff)
Info: PostCondition Mem[0x1914] = 0x12976ac014c74ac0 (mask=0xffffffffffffffff)
Info: PostCondition Mem[0x1915] = 0x16f72ac019270ac0 (mask=0xffffffffffffffff)
Info: PostCondition Mem[0x1916] = 0x1b56eac01d86cac0 (mask=0xffffffffffffffff)
Info: PostCondition Mem[0x1917] = 0x1fb6aac021e68ac0 (mask=0xffffffffffffffff)
Info: PostCondition Mem[0x1918] = 0x24166ac026464ac0 (mask=0xffffffffffffffff)
Info: PostCondition Mem[0x1919] = 0x28762ac02aa60ac0 (mask=0xffffffffffffffff)
Info: PostCondition Mem[0x191a] = 0x2cd5eac02f05cac0 (mask=0xffffffffffffffff)
Info: PostCondition Mem[0x191b] = 0x3135aac033658ac0 (mask=0xffffffffffffffff)
Info: PostCondition Mem[0x191c] = 0x35956ac037c54ac0 (mask=0xffffffffffffffff)
Info: PostCondition Mem[0x191d] = 0x39f52ac03c250ac0 (mask=0xffffffffffffffff)
Info: PostCondition Mem[0x191e] = 0x3e54eac04084cac0 (mask=0xffffffffffffffff)
Info: PostCondition Mem[0x191f] = 0x42b4aac044e48ac0 (mask=0xffffffffffffffff)
Info: PostCondition Mem[0x1920] = 0x1284ac003782ac0 (mask=0xffffffffffffffff)
Info: PostCondition Mem[0x1921] = 0x5c80ac00817eac0 (mask=0xffffffffffffffff)
Info: PostCondition Mem[0x1922] = 0xa67cac00cb7aac0 (mask=0xffffffffffffffff)
Info: PostCondition Mem[0x1923] = 0xf078ac011576ac0 (mask=0xffffffffffffffff)
Info: PostCondition Mem[0x1924] = 0x13a74ac015f72ac0 (mask=0xffffffffffffffff)
Info: PostCondition Mem[0x1925] = 0x18470ac01a96eac0 (mask=0xffffffffffffffff)
Info: PostCondition Mem[0x1926] = 0x1ce6cac01f36aac0 (mask=0xffffffffffffffff)
Info: PostCondition Mem[0x1927] = 0x21868ac023d66ac0 (mask=0xffffffffffffffff)
Info: PostCondition Mem[0x1928] = 0x26264ac028762ac0 (mask=0xffffffffffffffff)
Info: PostCondition Mem[0x1929] = 0x2ac60ac02d15eac0 (mask=0xffffffffffffffff)
Info: PostCondition Mem[0x192a] = 0x2f65cac031b5aac0 (mask=0xffffffffffffffff)
Info: PostCondition Mem[0x192b] = 0x34058ac036556ac0 (mask=0xffffffffffffffff)
Info: PostCondition Mem[0x192c] = 0x38a54ac03af52ac0 (mask=0xffffffffffffffff)
Info: PostCondition Mem[0x192d] = 0x3d450ac03f94eac0 (mask=0xffffffffffffffff)
Info: PostCondition Mem[0x192e] = 0x41e4cac04434aac0 (mask=0xffffffffffffffff)
Info: PostCondition Mem[0x192f] = 0x46848ac048d46ac0 (mask=0xffffffffffffffff)
Info: PostCondition Mem[0x1930] = 0x1382ac003a80ac0 (mask=0xffffffffffffffff)
Info: PostCondition Mem[0x1931] = 0x617eac00887cac0 (mask=0xffffffffffffffff)
Info: PostCondition Mem[0x1932] = 0xaf7aac00d678ac0 (mask=0xffffffffffffffff)
Info: PostCondition Mem[0x1933] = 0xfd76ac012474ac0 (mask=0xffffffffffffffff)
Info: PostCondition Mem[0x1934] = 0x14b72ac017270ac0 (mask=0xffffffffffffffff)
Info: PostCondition Mem[0x1935] = 0x1996eac01c06cac0 (mask=0xffffffffffffffff)
Info: PostCondition Mem[0x1936] = 0x1e76aac020e68ac0 (mask=0xffffffffffffffff)
Info: PostCondition Mem[0x1937] = 0x23566ac025c64ac0 (mask=0xffffffffffffffff)
Info: PostCondition Mem[0x1938] = 0x28362ac02aa60ac0 (mask=0xffffffffffffffff)
Info: PostCondition Mem[0x1939] = 0x2d15eac02f85cac0 (mask=0xffffffffffffffff)
Info: PostCondition Mem[0x193a] = 0x31f5aac034658ac0 (mask=0xffffffffffffffff)
Info: PostCondition Mem[0x193b] = 0x36d56ac039454ac0 (mask=0xffffffffffffffff)
Info: PostCondition Mem[0x193c] = 0x3bb52ac03e250ac0 (mask=0xffffffffffffffff)
Info: PostCondition Mem[0x193d] = 0x4094eac04304cac0 (mask=0xffffffffffffffff)
Info: PostCondition Mem[0x193e] = 0x4574aac047e48ac0 (mask=0xffffffffffffffff)
Info: PostCondition Mem[0x193f] = 0x4a546ac04cc44ac0 (mask=0xffffffffffffffff)
Info: PostCondition Mem[0x1940] = 0x1480ac003d7eac0 (mask=0xffffffffffffffff)
Info: PostCondition Mem[0x1941] = 0x667cac008f7aac0 (mask=0xffffffffffffffff)
Info: PostCondition Mem[0x1942] = 0xb878ac00e176ac0 (mask=0xffffffffffffffff)
Info: PostCondition Mem[0x1943] = 0x10a74ac013372ac0 (mask=0xffffffffffffffff)
Info: PostCondition Mem[0x1944] = 0x15c70ac01856eac0 (mask=0xffffffffffffffff)
Info: PostCondition Mem[0x1945] = 0x1ae6cac01d76aac0 (mask=0xffffffffffffffff)
Info: PostCondition Mem[0x1946] = 0x20068ac022966ac0 (mask=0xffffffffffffffff)
Info: PostCondition Mem[0x1947] = 0x25264ac027b62ac0 (mask=0xffffffffffffffff)
Info: PostCondition Mem[0x1948] = 0x2a460ac02cd5eac0 (mask=0xffffffffffffffff)
Info: PostCondition Mem[0x1949] = 0x2f65cac031f5aac0 (mask=0xffffffffffffffff)
Info: PostCondition Mem[0x194a] = 0x34858ac037156ac0 (mask=0xffffffffffffffff)
Info: PostCondition Mem[0x194b] = 0x39a54ac03c352ac0 (mask=0xffffffffffffffff)
Info: PostCondition Mem[0x194c] = 0x3ec50ac04154eac0 (mask=0xffffffffffffffff)
Info: PostCondition Mem[0x194d] = 0x43e4cac04674aac0 (mask=0xffffffffffffffff)
Info: PostCondition Mem[0x194e] = 0x49048ac04b946ac0 (mask=0xffffffffffffffff)
Info: PostCondition Mem[0x194f] = 0x4e244ac050b42ac0 (mask=0xffffffffffffffff)
Info: PostCondition Mem[0x1950] = 0x157eac00407cac0 (mask=0xffffffffffffffff)
Info: PostCondition Mem[0x1951] = 0x6b7aac009678ac0 (mask=0xffffffffffffffff)
Info: PostCondition Mem[0x1952] = 0xc176ac00ec74ac0 (mask=0xffffffffffffffff)
Info: PostCondition Mem[0x1953] = 0x11772ac014270ac0 (mask=0xffffffffffffffff)
Info: PostCondition Mem[0x1954] = 0x16d6eac01986cac0 (mask=0xffffffffffffffff)
Info: PostCondition Mem[0x1955] = 0x1c36aac01ee68ac0 (mask=0xffffffffffffffff)
Info: PostCondition Mem[0x1956] = 0x21966ac024464ac0 (mask=0xffffffffffffffff)
Info: PostCondition Mem[0x1957] = 0x26f62ac029a60ac0 (mask=0xffffffffffffffff)
Info: PostCondition Mem[0x1958] = 0x2c55eac02f05cac0 (mask=0xffffffffffffffff)
Info: PostCondition Mem[0x1959] = 0x31b5aac034658ac0 (mask=0xffffffffffffffff)
Info: PostCondition Mem[0x195a] = 0x37156ac039c54ac0 (mask=0xffffffffffffffff)
Info: PostCondition Mem[0x195b] = 0x3c752ac03f250ac0 (mask=0xffffffffffffffff)
Info: PostCondition Mem[0x195c] = 0x41d4eac04484cac0 (mask=0xffffffffffffffff)
Info: PostCondition Mem[0x195d] = 0x4734aac049e48ac0 (mask=0xffffffffffffffff)
Info: PostCondition Mem[0x195e] = 0x4c946ac04f444ac0 (mask=0xffffffffffffffff)
Info: PostCondition Mem[0x195f] = 0x51f42ac054a40ac0 (mask=0xffffffffffffffff)
Info: PostCondition Mem[0x1960] = 0x167cac00437aac0 (mask=0xffffffffffffffff)
Info: PostCondition Mem[0x1961] = 0x7078ac009d76ac0 (mask=0xffffffffffffffff)
Info: PostCondition Mem[0x1962] = 0xca74ac00f772ac0 (mask=0xffffffffffffffff)
Info: PostCondition Mem[0x1963] = 0x12470ac01516eac0 (mask=0xffffffffffffffff)
Info: PostCondition Mem[0x1964] = 0x17e6cac01ab6aac0 (mask=0xffffffffffffffff)
Info: PostCondition Mem[0x1965] = 0x1d868ac020566ac0 (mask=0xffffffffffffffff)
Info: PostCondition Mem[0x1966] = 0x23264ac025f62ac0 (mask=0xffffffffffffffff)
Info: PostCondition Mem[0x1967] = 0x28c60ac02b95eac0 (mask=0xffffffffffffffff)
Info: PostCondition Mem[0x1968] = 0x2e65cac03135aac0 (mask=0xffffffffffffffff)
Info: PostCondition Mem[0x1969] = 0x34058ac036d56ac0 (mask=0xffffffffffffffff)
Info: PostCondition Mem[0x196a] = 0x39a54ac03c752ac0 (mask=0xffffffffffffffff)
Info: PostCondition Mem[0x196b] = 0x3f450ac04214eac0 (mask=0xffffffffffffffff)
Info: PostCondition Mem[0x196c] = 0x44e4cac047b4aac0 (mask=0xffffffffffffffff)
Info: PostCondition Mem[0x196d] = 0x4a848ac04d546ac0 (mask=0xffffffffffffffff)
Info: PostCondition Mem[0x196e] = 0x50244ac052f42ac0 (mask=0xffffffffffffffff)
Info: PostCondition Mem[0x196f] = 0x55c40ac05893eac0 (mask=0xffffffffffffffff)
Info: PostCondition Mem[0x1970] = 0x177aac004678ac0 (mask=0xffffffffffffffff)
Info: PostCondition Mem[0x1971] = 0x7576ac00a474ac0 (mask=0xffffffffffffffff)
Info: PostCondition Mem[0x1972] = 0xd372ac010270ac0 (mask=0xffffffffffffffff)
Info: PostCondition Mem[0x1973] = 0x1316eac01606cac0 (mask=0xffffffffffffffff)
Info: PostCondition Mem[0x1974] = 0x18f6aac01be68ac0 (mask=0xffffffffffffffff)
Info: PostCondition Mem[0x1975] = 0x1ed66ac021c64ac0 (mask=0xffffffffffffffff)
Info: PostCondition Mem[0x1976] = 0x24b62ac027a60ac0 (mask=0xffffffffffffffff)
Info: PostCondition Mem[0x1977] = 0x2a95eac02d85cac0 (mask=0xffffffffffffffff)
Info: PostCondition Mem[0x1978] = 0x3075aac033658ac0 (mask=0xffffffffffffffff)
Info: PostCondition Mem[0x1979] = 0x36556ac039454ac0 (mask=0xffffffffffffffff)
Info: PostCondition Mem[0x197a] = 0x3c352ac03f250ac0 (mask=0xffffffffffffffff)
Info: PostCondition Mem[0x197b] = 0x4214eac04504cac0 (mask=0xffffffffffffffff)
Info: PostCondition Mem[0x197c] = 0x47f4aac04ae48ac0 (mask=0xffffffffffffffff)
Info: PostCondition Mem[0x197d] = 0x4dd46ac050c44ac0 (mask=0xffffffffffffffff)
Info: PostCondition Mem[0x197e] = 0x53b42ac056a40ac0 (mask=0xffffffffffffffff)
Info: PostCondition Mem[0x197f] = 0x5993eac05c83cac0 (mask=0xffffffffffffffff)
Info: PostCondition Mem[0x1980] = 0x1878ac004976ac0 (mask=0xffffffffffffffff)
Info: PostCondition Mem[0x1981] = 0x7a74ac00ab72ac0 (mask=0xffffffffffffffff)
Info: PostCondition Mem[0x1982] = 0xdc70ac010d6eac0 (mask=0xffffffffffffffff)
Info: PostCondition Mem[0x1983] = 0x13e6cac016f6aac0 (mask=0xffffffffffffffff)
Info: PostCondition Mem[0x1984] = 0x1a068ac01d166ac0 (mask=0xffffffffffffffff)
Info: PostCondition Mem[0x1985] = 0x20264ac023362ac0 (mask=0xffffffffffffffff)
Info: PostCondition Mem[0x1986] = 0x26460ac02955eac0 (mask=0xffffffffffffffff)
Info: PostCondition Mem[0x1987] = 0x2c65cac02f75aac0 (mask=0xffffffffffffffff)
Info: PostCondition Mem[0x1988] = 0x32858ac035956ac0 (mask=0xffffffffffffffff)
Info: PostCondition Mem[0x1989] = 0x38a54ac03bb52ac0 (mask=0xffffffffffffffff)
Info: PostCondition Mem[0x198a] = 0x3ec50ac041d4eac0 (mask=0xffffffffffffffff)
Info: PostCondition Mem[0x198b] = 0x44e4cac047f4aac0 (mask=0xffffffffffffffff)
Info: PostCondition Mem[0x198c] = 0x4b048ac04e146ac0 (mask=0xffffffffffffffff)
Info: PostCondition Mem[0x198d] = 0x51244ac054342ac0 (mask=0xffffffffffffffff)
Info: PostCondition Mem[0x198e] = 0x57440ac05a53eac0 (mask=0xffffffffffffffff)
Info: PostCondition Mem[0x198f] = 0x5d63cac06073aac0 (mask=0xffffffffffffffff)
Info: PostCondition Mem[0x1990] = 0x1976ac004c74ac0 (mask=0xffffffffffffffff)
Info: PostCondition Mem[0x1991] = 0x7f72ac00b270ac0 (mask=0xffffffffffffffff)
Info: PostCondition Mem[0x1992] = 0xe56eac01186cac0 (mask=0xffffffffffffffff)
Info: PostCondition Mem[0x1993] = 0x14b6aac017e68ac0 (mask=0xffffffffffffffff)
Info: PostCondition Mem[0x1994] = 0x1b166ac01e464ac0 (mask=0xffffffffffffffff)
Info: PostCondition Mem[0x1995] = 0x21762ac024a60ac0 (mask=0xffffffffffffffff)
Info: PostCondition Mem[0x1996] = 0x27d5eac02b05cac0 (mask=0xffffffffffffffff)
Info: PostCondition Mem[0x1997] = 0x2e35aac031658ac0 (mask=0xffffffffffffffff)
Info: PostCondition Mem[0x1998] = 0x34956ac037c54ac0 (mask=0xffffffffffffffff)
Info: PostCondition Mem[0x1999] = 0x3af52ac03e250ac0 (mask=0xffffffffffffffff)
Info: PostCondition Mem[0x199a] = 0x4154eac04484cac0 (mask=0xffffffffffffffff)
Info: PostCondition Mem[0x199b] = 0x47b4aac04ae48ac0 (mask=0xffffffffffffffff)
Info: PostCondition Mem[0x199c] = 0x4e146ac051444ac0 (mask=0xffffffffffffffff)
Info: PostCondition Mem[0x199d] = 0x54742ac057a40ac0 (mask=0xffffffffffffffff)
Info: PostCondition Mem[0x199e] = 0x5ad3eac05e03cac0 (mask=0xffffffffffffffff)
Info: PostCondition Mem[0x199f] = 0x6133aac064638ac0 (mask=0xffffffffffffffff)
Info: PostCondition Mem[0x19a0] = 0x1a74ac004f72ac0 (mask=0xffffffffffffffff)
Info: PostCondition Mem[0x19a1] = 0x8470ac00b96eac0 (mask=0xffffffffffffffff)
Info: PostCondition Mem[0x19a2] = 0xee6cac01236aac0 (mask=0xffffffffffffffff)
Info: PostCondition Mem[0x19a3] = 0x15868ac018d66ac0 (mask=0xffffffffffffffff)
Info: PostCondition Mem[0x19a4] = 0x1c264ac01f762ac0 (mask=0xffffffffffffffff)
Info: PostCondition Mem[0x19a5] = 0x22c60ac02615eac0 (mask=0xffffffffffffffff)
Info: PostCondition Mem[0x19a6] = 0x2965cac02cb5aac0 (mask=0xffffffffffffffff)
Info: PostCondition Mem[0x19a7] = 0x30058ac033556ac0 (mask=0xffffffffffffffff)
Info: PostCondition Mem[0x19a8] = 0x36a54ac039f52ac0 (mask=0xffffffffffffffff)
Info: PostCondition Mem[0x19a9] = 0x3d450ac04094eac0 (mask=0xffffffffffffffff)
Info: PostCondition Mem[0x19aa] = 0x43e4cac04734aac0 (mask=0xffffffffffffffff)
Info: PostCondition Mem[0x19ab] = 0x4a848ac04dd46ac0 (mask=0xffffffffffffffff)
Info: PostCondition Mem[0x19ac] = 0x51244ac054742ac0 (mask=0xffffffffffffffff)
Info: PostCondition Mem[0x19ad] = 0x57c40ac05b13eac0 (mask=0xffffffffffffffff)
Info: PostCondition Mem[0x19ae] = 0x5e63cac061b3aac0 (mask=0xffffffffffffffff)
Info: PostCondition Mem[0x19af] = 0x65038ac068536ac0 (mask=0xffffffffffffffff)
Info: PostCondition Mem[0x19b0] = 0x1b72ac005270ac0 (mask=0xffffffffffffffff)
Info: PostCondition Mem[0x19b1] = 0x896eac00c06cac0 (mask=0xffffffffffffffff)
Info: PostCondition Mem[0x19b2] = 0xf76aac012e68ac0 (mask=0xffffffffffffffff)
Info: PostCondition Mem[0x19b3] = 0x16566ac019c64ac0 (mask=0xffffffffffffffff)
Info: PostCondition Mem[0x19b4] = 0x1d362ac020a60ac0 (mask=0xffffffffffffffff)
Info: PostCondition Mem[0x19b5] = 0x2415eac02785cac0 (mask=0xffffffffffffffff)
Info: PostCondition Mem[0x19b6] = 0x2af5aac02e658ac0 (mask=0xffffffffffffffff)
Info: PostCondition Mem[0x19b7] = 0x31d56ac035454ac0 (mask=0xffffffffffffffff)
Info: PostCondition Mem[0x19b8] = 0x38b52ac03c250ac0 (mask=0xffffffffffffffff)
Info: PostCondition Mem[0x19b9] = 0x3f94eac04304cac0 (mask=0xffffffffffffffff)
Info: PostCondition Mem[0x19ba] = 0x4674aac049e48ac0 (mask=0xffffffffffffffff)
Info: PostCondition Mem[0x19bb] = 0x4d546ac050c44ac0 (mask=0xffffffffffffffff)
Info: PostCondition Mem[0x19bc] = 0x54342ac057a40ac0 (mask=0xffffffffffffffff)
Info: PostCondition Mem[0x19bd] = 0x5b13eac05e83cac0 (mask=0xffffffffffffffff)
Info: PostCondition Mem[0x19be] = 0x61f3aac065638ac0 (mask=0xffffffffffffffff)
Info: PostCondition Mem[0x19bf] = 0x68d36ac06c434ac0 (mask=0xffffffffffffffff)
Info: PostCondition Mem[0x19c0] = 0x1c70ac00556eac0 (mask=0xffffffffffffffff)
Info: PostCondition Mem[0x19c1] = 0x8e6cac00c76aac0 (mask=0xffffffffffffffff)
Info: PostCondition Mem[0x19c2] = 0x10068ac013966ac0 (mask=0xffffffffffffffff)
Info: PostCondition Mem[0x19c3] = 0x17264ac01ab62ac0 (mask=0xffffffffffffffff)
Info: PostCondition Mem[0x19c4] = 0x1e460ac021d5eac0 (mask=0xffffffffffffffff)
Info: PostCondition Mem[0x19c5] = 0x2565cac028f5aac0 (mask=0xffffffffffffffff)
Info: PostCondition Mem[0x19c6] = 0x2c858ac030156ac0 (mask=0xffffffffffffffff)
Info: PostCondition Mem[0x19c7] = 0x33a54ac037352ac0 (mask=0xffffffffffffffff)
Info: PostCondition Mem[0x19c8] = 0x3ac50ac03e54eac0 (mask=0xffffffffffffffff)
Info: PostCondition Mem[0x19c9] = 0x41e4cac04574aac0 (mask=0xffffffffffffffff)
Info: PostCondition Mem[0x19ca] = 0x49048ac04c946ac0 (mask=0xffffffffffffffff)
Info: PostCondition Mem[0x19cb] = 0x50244ac053b42ac0 (mask=0xffffffffffffffff)
Info: PostCondition Mem[0x19cc] = 0x57440ac05ad3eac0 (mask=0xffffffffffffffff)
Info: PostCondition Mem[0x19cd] = 0x5e63cac061f3aac0 (mask=0xffffffffffffffff)
Info: PostCondition Mem[0x19ce] = 0x65838ac069136ac0 (mask=0xffffffffffffffff)
Info: PostCondition Mem[0x19cf] = 0x6ca34ac070332ac0 (mask=0xffffffffffffffff)
Info: PostCondition Mem[0x19d0] = 0x1d6eac00586cac0 (mask=0xffffffffffffffff)
Info: PostCondition Mem[0x19d1] = 0x936aac00ce68ac0 (mask=0xffffffffffffffff)
Info: PostCondition Mem[0x19d2] = 0x10966ac014464ac0 (mask=0xffffffffffffffff)
Info: PostCondition Mem[0x19d3] = 0x17f62ac01ba60ac0 (mask=0xffffffffffffffff)
Info: PostCondition Mem[0x19d4] = 0x1f55eac02305cac0 (mask=0xffffffffffffffff)
Info: PostCondition Mem[0x19d5] = 0x26b5aac02a658ac0 (mask=0xffffffffffffffff)
Info: PostCondition Mem[0x19d6] = 0x2e156ac031c54ac0 (mask=0xffffffffffffffff)
Info: PostCondition Mem[0x19d7] = 0x35752ac039250ac0 (mask=0xffffffffffffffff)
Info: PostCondition Mem[0x19d8] = 0x3cd4eac04084cac0 (mask=0xffffffffffffffff)
Info: PostCondition Mem[0x19d9] = 0x4434aac047e48ac0 (mask=0xffffffffffffffff)
Info: PostCondition Mem[0x19da] = 0x4b946ac04f444ac0 (mask=0xffffffffffffffff)
Info: PostCondition Mem[0x19db] = 0x52f42ac056a40ac0 (mask=0xffffffffffffffff)
Info: PostCondition Mem[0x19dc] = 0x5a53eac05e03cac0 (mask=0xffffffffffffffff)
Info: PostCondition Mem[0x19dd] = 0x61b3aac065638ac0 (mask=0xffffffffffffffff)
Info: PostCondition Mem[0x19de] = 0x69136ac06cc34ac0 (mask=0xffffffffffffffff)
Info: PostCondition Mem[0x19df] = 0x70732ac074230ac0 (mask=0xffffffffffffffff)
Info: PostCondition Mem[0x19e0] = 0x1e6cac005b6aac0 (mask=0xffffffffffffffff)
Info: PostCondition Mem[0x19e1] = 0x9868ac00d566ac0 (mask=0xffffffffffffffff)
Info: PostCondition Mem[0x19e2] = 0x11264ac014f62ac0 (mask=0xffffffffffffffff)
Info: PostCondition Mem[0x19e3] = 0x18c60ac01c95eac0 (mask=0xffffffffffffffff)
Info: PostCondition Mem[0x19e4] = 0x2065cac02435aac0 (mask=0xffffffffffffffff)
Info: PostCondition Mem[0x19e5] = 0x28058ac02bd56ac0 (mask=0xffffffffffffffff)
Info: PostCondition Mem[0x19e6] = 0x2fa54ac033752ac0 (mask=0xffffffffffffffff)
Info: PostCondition Mem[0x19e7] = 0x37450ac03b14eac0 (mask=0xffffffffffffffff)
Info: PostCondition Mem[0x19e8] = 0x3ee4cac042b4aac0 (mask=0xffffffffffffffff)
Info: PostCondition Mem[0x19e9] = 0x46848ac04a546ac0 (mask=0xffffffffffffffff)
Info: PostCondition Mem[0x19ea] = 0x4e244ac051f42ac0 (mask=0xffffffffffffffff)
Info: PostCondition Mem[0x19eb] = 0x55c40ac05993eac0 (mask=0xffffffffffffffff)
Info: PostCondition Mem[0x19ec] = 0x5d63cac06133aac0 (mask=0xffffffffffffffff)
Info: PostCondition Mem[0x19ed] = 0x65038ac068d36ac0 (mask=0xffffffffffffffff)
Info: PostCondition Mem[0x19ee] = 0x6ca34ac070732ac0 (mask=0xffffffffffffffff)
Info: PostCondition Mem[0x19ef] = 0x74430ac07812eac0 (mask=0xffffffffffffffff)
Info: PostCondition Mem[0x19f0] = 0x1f6aac005e68ac0 (mask=0xffffffffffffffff)
Info: PostCondition Mem[0x19f1] = 0x9d66ac00dc64ac0 (mask=0xffffffffffffffff)
Info: PostCondition Mem[0x19f2] = 0x11b62ac015a60ac0 (mask=0xffffffffffffffff)
Info: PostCondition Mem[0x19f3] = 0x1995eac01d85cac0 (mask=0xffffffffffffffff)
Info: PostCondition Mem[0x19f4] = 0x2175aac025658ac0 (mask=0xffffffffffffffff)
Info: PostCondition Mem[0x19f5] = 0x29556ac02d454ac0 (mask=0xffffffffffffffff)
Info: PostCondition Mem[0x19f6] = 0x31352ac035250ac0 (mask=0xffffffffffffffff)
Info: PostCondition Mem[0x19f7] = 0x3914eac03d04cac0 (mask=0xffffffffffffffff)
Info: PostCondition Mem[0x19f8] = 0x40f4aac044e48ac0 (mask=0xffffffffffffffff)
Info: PostCondition Mem[0x19f9] = 0x48d46ac04cc44ac0 (mask=0xffffffffffffffff)
Info: PostCondition Mem[0x19fa] = 0x50b42ac054a40ac0 (mask=0xffffffffffffffff)
Info: PostCondition Mem[0x19fb] = 0x5893eac05c83cac0 (mask=0xffffffffffffffff)
Info: PostCondition Mem[0x19fc] = 0x6073aac064638ac0 (mask=0xffffffffffffffff)
Info: PostCondition Mem[0x19fd] = 0x68536ac06c434ac0 (mask=0xffffffffffffffff)
Info: PostCondition Mem[0x19fe] = 0x70332ac074230ac0 (mask=0xffffffffffffffff)
Info: PostCondition Mem[0x19ff] = 0x7812eac07c02cac0 (mask=0xffffffffffffffff)
Info: printing registers.txt
Info: printing data.mmap
Info: printing results.txt
Info: blob_size = 4096
