assemble expanded mcode
mcode_instruction
mcode_arithmetic_instruction
mcode_alu_instruction
mcode_instruction
mcode_arithmetic_instruction
mcode_alu_instruction
mcode_instruction
mcode_arithmetic_instruction
mcode_alu_instruction
mcode_instruction
mcode_arithmetic_instruction
mcode_alu_instruction
mcode_instruction
mcode_arithmetic_instruction
mcode_alu_instruction
mcode_instruction
mcode_arithmetic_instruction
mcode_alu_instruction
mcode_instruction
Info: finished parsing file mul.mcode
Info:  Bundle id=0 addr=0 pad amount 0
mcode_instruction
mcode_arithmetic_instruction
mcode_alu_instruction
mcode_instruction
mcode_arithmetic_instruction
mcode_alu_instruction
mcode_instruction
mcode_arithmetic_instruction
mcode_alu_instruction
mcode_instruction
mcode_arithmetic_instruction
mcode_alu_instruction
mcode_instruction
mcode_arithmetic_instruction
mcode_alu_instruction
mcode_instruction
mcode_arithmetic_instruction
mcode_alu_instruction
mcode_instruction
mcode_instruction
Info: finished parsing file mul.aligned.mcode
Info:  Bundle id=0 addr=0 pad amount 0
Info: Found bundle start instruction at pc 0
Info: Added final bundle with index 0 capacity 8 address 0
Info: Disassemble: bundles 1 instructions 8 instructions-with-padding 8
