Info: Thread 0 pc = 0
Info: imem file = alu.obj
Info: register init values from registers.txt
Info: dmem file = data.map
Info: results file = results.txt
Info: Init: IMEM[0] = 0xd4010001
Info: Init: IMEM[1] = 0x54020003
Info: Init: IMEM[2] = 0x54030007
Info: Init: IMEM[3] = 0x5404000f
Info: Init: IMEM[4] = 0x5405001f
Info: Init: IMEM[5] = 0x5406003f
Info: Init: IMEM[6] = 0x5407007f
Info: Init: IMEM[7] = 0x540800ff
Info: Init: IMEM[8] = 0xf0294000
Info: Init: IMEM[9] = 0x5a4a4740
Info: Init: IMEM[10] = 0x5b4b4740
Info: Init: IMEM[11] = 0x6c000000
Info: Loaded 12 instructions to i-mem
Info: Init: DMEM[0] = 0x0
Info: Init: DMEM[1] = 0x12345678abcde
Info: Loaded 2 words to d-mem
Info: reading register-init-file registers.txt
Info: Register[0][1] initialized to 0x0

Info: McodeMachine:: Set_Register(1, 0x0)
Info: Register[1][1] initialized to 0x0

Info: McodeMachine:: Set_Register(1, 0x0)
Info: Info: activate thread 0 to pc 0
Info: Tick on thread 0
Info: McodeAccelerator:: 0xd4010001 = IMEM[0x0]
Info: McodeAccelerator:: 0x54020003 = IMEM[0x1]
Info: McodeAccelerator:: 0x54030007 = IMEM[0x2]
Info: McodeAccelerator:: 0x5404000f = IMEM[0x3]
Info: McodeAccelerator:: 0x5405001f = IMEM[0x4]
Info: McodeAccelerator:: 0x5406003f = IMEM[0x5]
Info: McodeAccelerator:: 0x5407007f = IMEM[0x6]
Info: McodeAccelerator:: 0x540800ff = IMEM[0x7]
Info: McodeMachine:Run_Machine PC=0x0
Info: McodeMachine:Run_Machine: new bundle pc=0x0 (size=8)
LOG:Get_Operands: 0x0  McodeSetInstruction
LOG:Get_Operands: 0x1  McodeSetInstruction
LOG:Get_Operands: 0x2  McodeSetInstruction
LOG:Get_Operands: 0x3  McodeSetInstruction
LOG:Get_Operands: 0x4  McodeSetInstruction
LOG:Get_Operands: 0x5  McodeSetInstruction
LOG:Get_Operands: 0x6  McodeSetInstruction
LOG:Get_Operands: 0x7  McodeSetInstruction
Info: 0: Set!
LOG:Execute     : 0x0  McodeSetInstruction
Info: 1: Set!
LOG:Execute     : 0x1  McodeSetInstruction
Info: 2: Set!
LOG:Execute     : 0x2  McodeSetInstruction
Info: 3: Set!
LOG:Execute     : 0x3  McodeSetInstruction
Info: 4: Set!
LOG:Execute     : 0x4  McodeSetInstruction
Info: 5: Set!
LOG:Execute     : 0x5  McodeSetInstruction
Info: 6: Set!
LOG:Execute     : 0x6  McodeSetInstruction
Info: 7: Set!
LOG:Execute     : 0x7  McodeSetInstruction
Info: McodeMachine:: Set_Register(1, 0x1)
LOG:Set_Results  : 0x0  McodeSetInstruction
Info: McodeMachine:: Set_Register(2, 0x3)
LOG:Set_Results  : 0x1  McodeSetInstruction
Info: McodeMachine:: Set_Register(3, 0x7)
LOG:Set_Results  : 0x2  McodeSetInstruction
Info: McodeMachine:: Set_Register(4, 0xf)
LOG:Set_Results  : 0x3  McodeSetInstruction
Info: McodeMachine:: Set_Register(5, 0x1f)
LOG:Set_Results  : 0x4  McodeSetInstruction
Info: McodeMachine:: Set_Register(6, 0x3f)
LOG:Set_Results  : 0x5  McodeSetInstruction
Info: McodeMachine:: Set_Register(7, 0x7f)
LOG:Set_Results  : 0x6  McodeSetInstruction
Info: McodeMachine:: Set_Register(8, 0xff)
LOG:Set_Results  : 0x7  McodeSetInstruction
RunLog[0]: l_0 pc=0x0  McodeInstructionBundle
RunLog[0]: 0x0 $set        0x1     -> 0x1    
RunLog[0]: 0x1 $set        0x3     -> 0x3    
RunLog[0]: 0x2 $set        0x7     -> 0x7    
RunLog[0]: 0x3 $set        0xf     -> 0xf    
RunLog[0]: 0x4 $set        0x1f     -> 0x1f    
RunLog[0]: 0x5 $set        0x3f     -> 0x3f    
RunLog[0]: 0x6 $set        0x7f     -> 0x7f    
RunLog[0]: 0x7 $set        0xff     -> 0xff    
Info: Tick on thread 0
Info: McodeAccelerator:: 0xf0294000 = IMEM[0x8]
Info: McodeAccelerator:: 0x5a4a4740 = IMEM[0x9]
Info: McodeAccelerator:: 0x5b4b4740 = IMEM[0xa]
Info: McodeAccelerator:: 0x6c000000 = IMEM[0xb]
Info: McodeAccelerator:: 0x0 = IMEM[0xc]
Info: McodeAccelerator:: 0x0 = IMEM[0xd]
Info: McodeAccelerator:: 0x0 = IMEM[0xe]
Info: McodeAccelerator:: 0x0 = IMEM[0xf]
Info: McodeMachine:Run_Machine PC=0x8
Info: McodeMachine:Run_Machine: new bundle pc=0x8 (size=4)
Info: McodeMachine:: 0xff = Get_Register(8)

LOG:Get_Operands: 0x8  McodeAbsInstruction
Info: McodeMachine:: 0xff = Get_Register(8)

LOG:Get_Operands: 0x9  McodeVreduceInstruction
Info: McodeMachine:: 0xff = Get_Register(8)

LOG:Get_Operands: 0xa  McodeVreduceInstruction
LOG:Get_Operands: 0xb  McodeHaltInstruction
Info: 8: Absolute!
LOG:Execute     : 0x8  McodeAbsInstruction
Info: 9: Vreduce!
LOG:Execute     : 0x9  McodeVreduceInstruction
Info: 10: Vreduce!
LOG:Execute     : 0xa  McodeVreduceInstruction
Info: 11: Halt!
LOG:Execute     : 0xb  McodeHaltInstruction
Info: McodeMachine:: Set_Register(9, 0x1)
LOG:Set_Results  : 0x8  McodeAbsInstruction
Info: McodeMachine:: Set_Register(10, 0xffffffffffffffff)
LOG:Set_Results  : 0x9  McodeVreduceInstruction
Info: McodeMachine:: Set_Register(11, 0x0)
LOG:Set_Results  : 0xa  McodeVreduceInstruction
LOG:Set_Results  : 0xb  McodeHaltInstruction
RunLog[0]: l_8 pc=0x8  McodeInstructionBundle
RunLog[0]: 0x8 $abs       0xff     -> 0x1    
RunLog[0]: 0x9 $vreduce    0xff     -> 0xffffffffffffffff    
RunLog[0]: 0xa $vreduce    0xff     -> 0x0    
RunLog[0]: 0xb $halt        -> 
Info: Stopped after 2 ticks.

Info: McodeMachine:: 0x1 = Get_Register(9)

Info: PostCondition Reg[0][9] = 0x1 (mask=0xffffffffffffffff)
Info: McodeMachine:: 0xffffffffffffffff = Get_Register(10)

Info: PostCondition Reg[0][10] = 0xffffffffffffffff (mask=0xffffffffffffffff)
Info: McodeMachine:: 0x0 = Get_Register(11)

Info: PostCondition Reg[0][11] = 0x0 (mask=0xffffffffffffffff)
